<?xml version="1.0" encoding="UTF-8"?>
<!-- Generated by org.testng.reporters.JUnitReportReporter -->
<testsuite hostname="LAPTOP-9UNLPAO2" failures="0" tests="2" name="TestSuites.Login" time="12.192" errors="0" timestamp="07 May 2021 13:08:26 GMT" skipped="0">
  <testcase classname="TestSuites.Login" name="TC01" time="8.909"/>
  <testcase classname="TestSuites.Login" name="TC02" time="3.283"/>
</testsuite> <!-- TestSuites.Login -->
